<?xml version="1.0" encoding="UTF-8"?>
<testng-results ignored="0" total="1" passed="1" failed="0" skipped="0">
  <reporter-output>
  </reporter-output>
  <suite started-at="2023-06-30T16:10:23 EDT" name="Default suite" finished-at="2023-06-30T16:10:31 EDT" duration-ms="7741">
    <groups>
      <group name="cucumber">
        <method signature="AbstractTestNGCucumberTests.feature(cucumber.api.testng.CucumberFeatureWrapper)[pri:0, instance:quality_test_runner_pak.Quality_TestRunner@268f106e]" name="feature" class="cucumber.api.testng.AbstractTestNGCucumberTests"/>
      </group> <!-- cucumber -->
    </groups>
    <test started-at="2023-06-30T16:10:23 EDT" name="Default test" finished-at="2023-06-30T16:10:31 EDT" duration-ms="7741">
      <class name="quality_test_runner_pak.Quality_TestRunner">
        <test-method is-config="true" signature="openbrowser()[pri:0, instance:quality_test_runner_pak.Quality_TestRunner@268f106e]" started-at="2023-06-30T16:10:23 EDT" name="openbrowser" finished-at="2023-06-30T16:10:25 EDT" duration-ms="1793" status="PASS">
          <reporter-output>
          </reporter-output>
        </test-method> <!-- openbrowser -->
        <test-method is-config="true" signature="setUpClass()[pri:0, instance:quality_test_runner_pak.Quality_TestRunner@268f106e]" started-at="2023-06-30T16:10:25 EDT" name="setUpClass" finished-at="2023-06-30T16:10:25 EDT" duration-ms="98" status="PASS">
          <reporter-output>
          </reporter-output>
        </test-method> <!-- setUpClass -->
        <test-method signature="feature(cucumber.api.testng.CucumberFeatureWrapper)[pri:0, instance:quality_test_runner_pak.Quality_TestRunner@268f106e]" started-at="2023-06-30T16:10:25 EDT" name="feature" description="Runs Cucumber Feature" data-provider="features" finished-at="2023-06-30T16:10:30 EDT" duration-ms="5623" status="PASS">
          <params>
            <param index="0">
              <value>
                <![CDATA[This is a Create Account feature Sprint1]]>
              </value>
            </param>
          </params>
          <reporter-output>
          </reporter-output>
        </test-method> <!-- feature -->
        <test-method is-config="true" signature="tearDownClass()[pri:0, instance:quality_test_runner_pak.Quality_TestRunner@268f106e]" started-at="2023-06-30T16:10:30 EDT" name="tearDownClass" finished-at="2023-06-30T16:10:30 EDT" duration-ms="8" status="PASS">
          <reporter-output>
          </reporter-output>
        </test-method> <!-- tearDownClass -->
        <test-method is-config="true" signature="closeapp()[pri:0, instance:quality_test_runner_pak.Quality_TestRunner@268f106e]" started-at="2023-06-30T16:10:30 EDT" name="closeapp" finished-at="2023-06-30T16:10:31 EDT" duration-ms="125" status="PASS">
          <reporter-output>
          </reporter-output>
        </test-method> <!-- closeapp -->
      </class> <!-- quality_test_runner_pak.Quality_TestRunner -->
    </test> <!-- Default test -->
  </suite> <!-- Default suite -->
</testng-results>
